<?xml version="1.0" encoding="UTF-8"?>
<coverage generated="1749330491644" clover="3.2.0">
  <project timestamp="1749330491645" name="All files">
    <metrics statements="175" coveredstatements="134" conditionals="99" coveredconditionals="79" methods="35" coveredmethods="30" elements="309" coveredelements="243" complexity="0" loc="175" ncloc="175" packages="2" files="2" classes="2"/>
    <package name="models">
      <metrics statements="2" coveredstatements="2" conditionals="0" coveredconditionals="0" methods="0" coveredmethods="0"/>
      <file name="Transaction.js" path="C:\Users\Jorge Brice\Desktop\BankSatement V2\bank-statement-analyzer-api\src\models\Transaction.js">
        <metrics statements="2" coveredstatements="2" conditionals="0" coveredconditionals="0" methods="0" coveredmethods="0"/>
        <line num="3" count="1" type="stmt"/>
        <line num="82" count="1" type="stmt"/>
      </file>
    </package>
    <package name="services">
      <metrics statements="173" coveredstatements="132" conditionals="99" coveredconditionals="79" methods="35" coveredmethods="30"/>
      <file name="riskAnalysisService.js" path="C:\Users\Jorge Brice\Desktop\BankSatement V2\bank-statement-analyzer-api\src\services\riskAnalysisService.js">
        <metrics statements="173" coveredstatements="132" conditionals="99" coveredconditionals="79" methods="35" coveredmethods="30"/>
        <line num="5" count="1" type="stmt"/>
        <line num="16" count="10" type="stmt"/>
        <line num="26" count="10" type="stmt"/>
        <line num="28" count="10" type="stmt"/>
        <line num="29" count="106" type="cond" truecount="2" falsecount="0"/>
        <line num="31" count="106" type="cond" truecount="2" falsecount="0"/>
        <line num="32" count="5" type="stmt"/>
        <line num="33" count="5" type="stmt"/>
        <line num="40" count="106" type="cond" truecount="2" falsecount="0"/>
        <line num="41" count="3" type="stmt"/>
        <line num="42" count="3" type="stmt"/>
        <line num="49" count="106" type="stmt"/>
        <line num="50" count="106" type="cond" truecount="2" falsecount="0"/>
        <line num="51" count="4" type="stmt"/>
        <line num="60" count="10" type="stmt"/>
        <line num="61" count="10" type="stmt"/>
        <line num="63" count="10" type="stmt"/>
        <line num="65" count="10" type="stmt"/>
        <line num="71" count="0" type="stmt"/>
        <line num="72" count="0" type="stmt"/>
        <line num="93" count="10" type="stmt"/>
        <line num="96" count="10" type="stmt"/>
        <line num="99" count="10" type="stmt"/>
        <line num="102" count="10" type="stmt"/>
        <line num="103" count="10" type="stmt"/>
        <line num="106" count="10" type="stmt"/>
        <line num="110" count="10" type="cond" truecount="4" falsecount="0"/>
        <line num="113" count="4" type="stmt"/>
        <line num="119" count="4" type="stmt"/>
        <line num="122" count="4" type="stmt"/>
        <line num="125" count="4" type="stmt"/>
        <line num="126" count="4" type="cond" truecount="2" falsecount="0"/>
        <line num="127" count="2" type="stmt"/>
        <line num="131" count="4" type="stmt"/>
        <line num="135" count="0" type="stmt"/>
        <line num="137" count="0" type="cond" truecount="0" falsecount="2"/>
        <line num="138" count="0" type="stmt"/>
        <line num="140" count="0" type="cond" truecount="0" falsecount="2"/>
        <line num="141" count="0" type="stmt"/>
        <line num="143" count="0" type="stmt"/>
        <line num="147" count="0" type="stmt"/>
        <line num="148" count="0" type="stmt"/>
        <line num="150" count="0" type="stmt"/>
        <line num="152" count="0" type="stmt"/>
        <line num="154" count="0" type="stmt"/>
        <line num="155" count="0" type="stmt"/>
        <line num="156" count="0" type="cond" truecount="0" falsecount="2"/>
        <line num="157" count="0" type="stmt"/>
        <line num="159" count="0" type="stmt"/>
        <line num="161" count="0" type="stmt"/>
        <line num="165" count="0" type="stmt"/>
        <line num="166" count="0" type="cond" truecount="0" falsecount="2"/>
        <line num="167" count="0" type="stmt"/>
        <line num="170" count="0" type="stmt"/>
        <line num="177" count="0" type="stmt"/>
        <line num="178" count="0" type="stmt"/>
        <line num="188" count="10" type="cond" truecount="2" falsecount="0"/>
        <line num="189" count="2" type="cond" truecount="2" falsecount="0"/>
        <line num="190" count="1" type="stmt"/>
        <line num="194" count="43" type="cond" truecount="2" falsecount="0"/>
        <line num="195" count="531" type="stmt"/>
        <line num="199" count="9" type="cond" truecount="2" falsecount="0"/>
        <line num="200" count="6" type="stmt"/>
        <line num="201" count="103" type="stmt"/>
        <line num="202" count="6" type="stmt"/>
        <line num="206" count="10" type="stmt"/>
        <line num="224" count="10" type="stmt"/>
        <line num="225" count="10" type="cond" truecount="2" falsecount="0"/>
        <line num="226" count="1" type="stmt"/>
        <line num="228" count="10" type="cond" truecount="1" falsecount="1"/>
        <line num="229" count="0" type="stmt"/>
        <line num="231" count="10" type="stmt"/>
        <line num="235" count="10" type="stmt"/>
        <line num="237" count="10" type="cond" truecount="2" falsecount="0"/>
        <line num="238" count="4" type="stmt"/>
        <line num="240" count="10" type="cond" truecount="1" falsecount="1"/>
        <line num="241" count="0" type="stmt"/>
        <line num="243" count="10" type="stmt"/>
        <line num="247" count="10" type="stmt"/>
        <line num="248" count="10" type="cond" truecount="1" falsecount="1"/>
        <line num="249" count="0" type="stmt"/>
        <line num="251" count="10" type="stmt"/>
        <line num="255" count="10" type="cond" truecount="2" falsecount="0"/>
        <line num="256" count="1" type="stmt"/>
        <line num="264" count="9" type="stmt"/>
        <line num="265" count="97" type="stmt"/>
        <line num="268" count="9" type="stmt"/>
        <line num="276" count="10" type="stmt"/>
        <line num="278" count="10" type="cond" truecount="2" falsecount="0"/>
        <line num="279" count="1" type="stmt"/>
        <line num="280" count="1" type="stmt"/>
        <line num="281" count="9" type="cond" truecount="2" falsecount="0"/>
        <line num="282" count="1" type="stmt"/>
        <line num="283" count="1" type="stmt"/>
        <line num="285" count="8" type="stmt"/>
        <line num="286" count="8" type="stmt"/>
        <line num="289" count="10" type="stmt"/>
        <line num="293" count="9" type="cond" truecount="1" falsecount="1"/>
        <line num="295" count="9" type="stmt"/>
        <line num="296" count="9" type="stmt"/>
        <line num="297" count="106" type="stmt"/>
        <line num="298" count="106" type="stmt"/>
        <line num="305" count="9" type="stmt"/>
        <line num="308" count="106" type="stmt"/>
        <line num="309" count="106" type="stmt"/>
        <line num="313" count="9" type="stmt"/>
        <line num="314" count="9" type="stmt"/>
        <line num="315" count="9" type="cond" truecount="2" falsecount="0"/>
        <line num="316" count="9" type="cond" truecount="2" falsecount="0"/>
        <line num="319" count="9" type="stmt"/>
        <line num="320" count="9" type="cond" truecount="2" falsecount="0"/>
        <line num="321" count="9" type="cond" truecount="2" falsecount="0"/>
        <line num="323" count="9" type="stmt"/>
        <line num="327" count="9" type="cond" truecount="1" falsecount="1"/>
        <line num="329" count="9" type="stmt"/>
        <line num="330" count="9" type="stmt"/>
        <line num="331" count="9" type="stmt"/>
        <line num="333" count="9" type="stmt"/>
        <line num="334" count="9" type="stmt"/>
        <line num="336" count="106" type="stmt"/>
        <line num="337" count="106" type="stmt"/>
        <line num="338" count="106" type="cond" truecount="2" falsecount="0"/>
        <line num="339" count="2" type="stmt"/>
        <line num="342" count="2" type="stmt"/>
        <line num="343" count="2" type="stmt"/>
        <line num="346" count="104" type="cond" truecount="2" falsecount="0"/>
        <line num="347" count="95" type="stmt"/>
        <line num="348" count="95" type="stmt"/>
        <line num="350" count="104" type="stmt"/>
        <line num="353" count="104" type="stmt"/>
        <line num="354" count="104" type="cond" truecount="2" falsecount="0"/>
        <line num="357" count="9" type="stmt"/>
        <line num="364" count="0" type="stmt"/>
        <line num="365" count="0" type="stmt"/>
        <line num="375" count="104" type="stmt"/>
        <line num="376" count="104" type="stmt"/>
        <line num="378" count="0" type="stmt"/>
        <line num="383" count="1" type="cond" truecount="3" falsecount="1"/>
        <line num="384" count="0" type="stmt"/>
        <line num="387" count="1" type="stmt"/>
        <line num="389" count="1" type="stmt"/>
        <line num="390" count="1" type="stmt"/>
        <line num="392" count="1" type="stmt"/>
        <line num="393" count="90" type="stmt"/>
        <line num="394" count="90" type="stmt"/>
        <line num="395" count="90" type="cond" truecount="1" falsecount="1"/>
        <line num="397" count="90" type="stmt"/>
        <line num="398" count="90" type="stmt"/>
        <line num="399" count="90" type="cond" truecount="1" falsecount="1"/>
        <line num="402" count="90" type="cond" truecount="2" falsecount="0"/>
        <line num="405" count="90" type="cond" truecount="2" falsecount="0"/>
        <line num="407" count="0" type="stmt"/>
        <line num="412" count="1" type="stmt"/>
        <line num="413" count="1" type="stmt"/>
        <line num="415" count="1" type="stmt"/>
        <line num="421" count="0" type="stmt"/>
        <line num="422" count="0" type="stmt"/>
        <line num="427" count="2" type="cond" truecount="3" falsecount="1"/>
        <line num="428" count="0" type="stmt"/>
        <line num="431" count="2" type="stmt"/>
        <line num="432" count="10" type="stmt"/>
        <line num="433" count="2" type="stmt"/>
        <line num="435" count="2" type="stmt"/>
        <line num="445" count="0" type="stmt"/>
        <line num="446" count="0" type="stmt"/>
        <line num="450" count="114" type="cond" truecount="4" falsecount="0"/>
        <line num="451" count="113" type="stmt"/>
        <line num="452" count="113" type="cond" truecount="4" falsecount="0"/>
        <line num="453" count="112" type="stmt"/>
        <line num="457" count="0" type="stmt"/>
        <line num="458" count="0" type="stmt"/>
        <line num="459" count="0" type="cond" truecount="0" falsecount="2"/>
        <line num="461" count="0" type="stmt"/>
      </file>
    </package>
  </project>
</coverage>
