{"C:\\Users\\Jorge Brice\\Desktop\\BankSatement V2\\bank-statement-analyzer-api\\src\\models\\Transaction.js": {"path":"C:\\Users\\Jorge Brice\\Desktop\\BankSatement V2\\bank-statement-analyzer-api\\src\\models\\Transaction.js","statementMap":{"0":{"start":{"line":3,"column":26},"end":{"line":80,"column":2}},"1":{"start":{"line":82,"column":20},"end":{"line":82,"column":68}}},"fnMap":{},"branchMap":{},"s":{"0":1,"1":1},"f":{},"b":{},"_coverageSchema":"1a1c01bbd47fc00a2c39e90264f33305004495a9","hash":"4815a69abeac40db99f3de3e4a55d17c227af4fe"}
,"C:\\Users\\Jorge Brice\\Desktop\\BankSatement V2\\bank-statement-analyzer-api\\src\\services\\riskAnalysisService.js": {"path":"C:\\Users\\Jorge Brice\\Desktop\\BankSatement V2\\bank-statement-analyzer-api\\src\\services\\riskAnalysisService.js","statementMap":{"0":{"start":{"line":5,"column":8},"end":{"line":12,"column":10}},"1":{"start":{"line":16,"column":28},"end":{"line":24,"column":9}},"2":{"start":{"line":26,"column":8},"end":{"line":89,"column":9}},"3":{"start":{"line":28,"column":12},"end":{"line":57,"column":15}},"4":{"start":{"line":29,"column":32},"end":{"line":29,"column":61}},"5":{"start":{"line":31,"column":16},"end":{"line":38,"column":17}},"6":{"start":{"line":32,"column":20},"end":{"line":32,"column":43}},"7":{"start":{"line":33,"column":20},"end":{"line":37,"column":23}},"8":{"start":{"line":40,"column":16},"end":{"line":47,"column":17}},"9":{"start":{"line":41,"column":20},"end":{"line":41,"column":49}},"10":{"start":{"line":42,"column":20},"end":{"line":46,"column":23}},"11":{"start":{"line":49,"column":31},"end":{"line":49,"column":77}},"12":{"start":{"line":50,"column":16},"end":{"line":56,"column":17}},"13":{"start":{"line":51,"column":20},"end":{"line":55,"column":23}},"14":{"start":{"line":60,"column":30},"end":{"line":60,"column":67}},"15":{"start":{"line":61,"column":12},"end":{"line":61,"column":53}},"16":{"start":{"line":63,"column":37},"end":{"line":63,"column":100}},"17":{"start":{"line":65,"column":12},"end":{"line":69,"column":14}},"18":{"start":{"line":71,"column":12},"end":{"line":71,"column":68}},"19":{"start":{"line":72,"column":12},"end":{"line":88,"column":14}},"20":{"start":{"line":93,"column":20},"end":{"line":93,"column":23}},"21":{"start":{"line":96,"column":8},"end":{"line":96,"column":41}},"22":{"start":{"line":99,"column":8},"end":{"line":99,"column":47}},"23":{"start":{"line":102,"column":35},"end":{"line":102,"column":83}},"24":{"start":{"line":103,"column":8},"end":{"line":103,"column":36}},"25":{"start":{"line":106,"column":8},"end":{"line":106,"column":49}},"26":{"start":{"line":110,"column":8},"end":{"line":110,"column":57}},"27":{"start":{"line":110,"column":48},"end":{"line":110,"column":57}},"28":{"start":{"line":113,"column":35},"end":{"line":113,"column":93}},"29":{"start":{"line":113,"column":69},"end":{"line":113,"column":89}},"30":{"start":{"line":119,"column":25},"end":{"line":119,"column":26}},"31":{"start":{"line":122,"column":8},"end":{"line":122,"column":42}},"32":{"start":{"line":125,"column":31},"end":{"line":125,"column":67}},"33":{"start":{"line":126,"column":8},"end":{"line":128,"column":9}},"34":{"start":{"line":127,"column":12},"end":{"line":127,"column":29}},"35":{"start":{"line":131,"column":8},"end":{"line":131,"column":40}},"36":{"start":{"line":135,"column":24},"end":{"line":135,"column":26}},"37":{"start":{"line":137,"column":8},"end":{"line":139,"column":9}},"38":{"start":{"line":138,"column":12},"end":{"line":138,"column":52}},"39":{"start":{"line":140,"column":8},"end":{"line":142,"column":9}},"40":{"start":{"line":141,"column":12},"end":{"line":141,"column":52}},"41":{"start":{"line":143,"column":8},"end":{"line":143,"column":23}},"42":{"start":{"line":147,"column":30},"end":{"line":147,"column":39}},"43":{"start":{"line":148,"column":29},"end":{"line":148,"column":30}},"44":{"start":{"line":150,"column":8},"end":{"line":184,"column":9}},"45":{"start":{"line":152,"column":12},"end":{"line":168,"column":15}},"46":{"start":{"line":154,"column":16},"end":{"line":162,"column":17}},"47":{"start":{"line":155,"column":33},"end":{"line":155,"column":59}},"48":{"start":{"line":156,"column":20},"end":{"line":158,"column":21}},"49":{"start":{"line":157,"column":24},"end":{"line":157,"column":56}},"50":{"start":{"line":159,"column":20},"end":{"line":159,"column":63}},"51":{"start":{"line":161,"column":20},"end":{"line":161,"column":45}},"52":{"start":{"line":165,"column":31},"end":{"line":165,"column":57}},"53":{"start":{"line":166,"column":16},"end":{"line":166,"column":61}},"54":{"start":{"line":167,"column":16},"end":{"line":167,"column":59}},"55":{"start":{"line":170,"column":12},"end":{"line":175,"column":14}},"56":{"start":{"line":177,"column":12},"end":{"line":177,"column":62}},"57":{"start":{"line":178,"column":12},"end":{"line":183,"column":14}},"58":{"start":{"line":188,"column":8},"end":{"line":188,"column":80}},"59":{"start":{"line":188,"column":25},"end":{"line":188,"column":80}},"60":{"start":{"line":189,"column":8},"end":{"line":189,"column":87}},"61":{"start":{"line":189,"column":25},"end":{"line":189,"column":87}},"62":{"start":{"line":190,"column":8},"end":{"line":190,"column":61}},"63":{"start":{"line":194,"column":8},"end":{"line":194,"column":37}},"64":{"start":{"line":194,"column":28},"end":{"line":194,"column":37}},"65":{"start":{"line":195,"column":8},"end":{"line":195,"column":77}},"66":{"start":{"line":195,"column":45},"end":{"line":195,"column":56}},"67":{"start":{"line":199,"column":8},"end":{"line":199,"column":40}},"68":{"start":{"line":199,"column":31},"end":{"line":199,"column":40}},"69":{"start":{"line":200,"column":20},"end":{"line":200,"column":50}},"70":{"start":{"line":201,"column":28},"end":{"line":201,"column":73}},"71":{"start":{"line":201,"column":48},"end":{"line":201,"column":72}},"72":{"start":{"line":202,"column":8},"end":{"line":202,"column":62}},"73":{"start":{"line":206,"column":8},"end":{"line":220,"column":10}},"74":{"start":{"line":224,"column":24},"end":{"line":224,"column":26}},"75":{"start":{"line":225,"column":8},"end":{"line":227,"column":9}},"76":{"start":{"line":226,"column":12},"end":{"line":226,"column":46}},"77":{"start":{"line":228,"column":8},"end":{"line":230,"column":9}},"78":{"start":{"line":229,"column":12},"end":{"line":229,"column":48}},"79":{"start":{"line":231,"column":8},"end":{"line":231,"column":23}},"80":{"start":{"line":235,"column":24},"end":{"line":235,"column":26}},"81":{"start":{"line":237,"column":8},"end":{"line":239,"column":9}},"82":{"start":{"line":238,"column":12},"end":{"line":238,"column":52}},"83":{"start":{"line":240,"column":8},"end":{"line":242,"column":9}},"84":{"start":{"line":241,"column":12},"end":{"line":241,"column":52}},"85":{"start":{"line":243,"column":8},"end":{"line":243,"column":23}},"86":{"start":{"line":247,"column":24},"end":{"line":247,"column":26}},"87":{"start":{"line":248,"column":8},"end":{"line":250,"column":9}},"88":{"start":{"line":249,"column":12},"end":{"line":249,"column":54}},"89":{"start":{"line":251,"column":8},"end":{"line":251,"column":23}},"90":{"start":{"line":255,"column":8},"end":{"line":261,"column":9}},"91":{"start":{"line":256,"column":12},"end":{"line":260,"column":14}},"92":{"start":{"line":264,"column":35},"end":{"line":266,"column":9}},"93":{"start":{"line":265,"column":12},"end":{"line":265,"column":47}},"94":{"start":{"line":268,"column":8},"end":{"line":272,"column":10}},"95":{"start":{"line":276,"column":32},"end":{"line":276,"column":34}},"96":{"start":{"line":278,"column":8},"end":{"line":287,"column":9}},"97":{"start":{"line":279,"column":12},"end":{"line":279,"column":74}},"98":{"start":{"line":280,"column":12},"end":{"line":280,"column":66}},"99":{"start":{"line":281,"column":15},"end":{"line":287,"column":9}},"100":{"start":{"line":282,"column":12},"end":{"line":282,"column":78}},"101":{"start":{"line":283,"column":12},"end":{"line":283,"column":67}},"102":{"start":{"line":285,"column":12},"end":{"line":285,"column":59}},"103":{"start":{"line":286,"column":12},"end":{"line":286,"column":62}},"104":{"start":{"line":289,"column":8},"end":{"line":289,"column":31}},"105":{"start":{"line":293,"column":8},"end":{"line":293,"column":52}},"106":{"start":{"line":293,"column":40},"end":{"line":293,"column":52}},"107":{"start":{"line":295,"column":29},"end":{"line":295,"column":30}},"108":{"start":{"line":296,"column":25},"end":{"line":302,"column":10}},"109":{"start":{"line":297,"column":12},"end":{"line":297,"column":39}},"110":{"start":{"line":298,"column":12},"end":{"line":301,"column":14}},"111":{"start":{"line":305,"column":22},"end":{"line":310,"column":9}},"112":{"start":{"line":308,"column":69},"end":{"line":308,"column":78}},"113":{"start":{"line":309,"column":68},"end":{"line":309,"column":77}},"114":{"start":{"line":313,"column":29},"end":{"line":313,"column":48}},"115":{"start":{"line":314,"column":28},"end":{"line":314,"column":65}},"116":{"start":{"line":315,"column":8},"end":{"line":315,"column":77}},"117":{"start":{"line":315,"column":46},"end":{"line":315,"column":77}},"118":{"start":{"line":316,"column":8},"end":{"line":316,"column":77}},"119":{"start":{"line":316,"column":46},"end":{"line":316,"column":77}},"120":{"start":{"line":319,"column":32},"end":{"line":319,"column":71}},"121":{"start":{"line":320,"column":8},"end":{"line":320,"column":59}},"122":{"start":{"line":320,"column":35},"end":{"line":320,"column":59}},"123":{"start":{"line":321,"column":8},"end":{"line":321,"column":58}},"124":{"start":{"line":321,"column":35},"end":{"line":321,"column":58}},"125":{"start":{"line":323,"column":8},"end":{"line":323,"column":21}},"126":{"start":{"line":327,"column":8},"end":{"line":327,"column":52}},"127":{"start":{"line":327,"column":40},"end":{"line":327,"column":52}},"128":{"start":{"line":329,"column":29},"end":{"line":329,"column":38}},"129":{"start":{"line":330,"column":23},"end":{"line":330,"column":27}},"130":{"start":{"line":331,"column":26},"end":{"line":331,"column":28}},"131":{"start":{"line":333,"column":8},"end":{"line":371,"column":9}},"132":{"start":{"line":334,"column":12},"end":{"line":355,"column":15}},"133":{"start":{"line":336,"column":16},"end":{"line":344,"column":17}},"134":{"start":{"line":337,"column":20},"end":{"line":337,"column":61}},"135":{"start":{"line":338,"column":20},"end":{"line":340,"column":21}},"136":{"start":{"line":339,"column":24},"end":{"line":339,"column":56}},"137":{"start":{"line":342,"column":20},"end":{"line":342,"column":76}},"138":{"start":{"line":343,"column":20},"end":{"line":343,"column":27}},"139":{"start":{"line":346,"column":16},"end":{"line":349,"column":17}},"140":{"start":{"line":347,"column":33},"end":{"line":347,"column":94}},"141":{"start":{"line":348,"column":20},"end":{"line":348,"column":43}},"142":{"start":{"line":350,"column":16},"end":{"line":350,"column":39}},"143":{"start":{"line":353,"column":32},"end":{"line":353,"column":64}},"144":{"start":{"line":354,"column":16},"end":{"line":354,"column":80}},"145":{"start":{"line":357,"column":12},"end":{"line":362,"column":14}},"146":{"start":{"line":364,"column":12},"end":{"line":364,"column":77}},"147":{"start":{"line":365,"column":12},"end":{"line":370,"column":14}},"148":{"start":{"line":375,"column":8},"end":{"line":379,"column":9}},"149":{"start":{"line":376,"column":12},"end":{"line":376,"column":52}},"150":{"start":{"line":378,"column":12},"end":{"line":378,"column":34}},"151":{"start":{"line":383,"column":8},"end":{"line":385,"column":9}},"152":{"start":{"line":384,"column":12},"end":{"line":384,"column":24}},"153":{"start":{"line":387,"column":8},"end":{"line":423,"column":9}},"154":{"start":{"line":389,"column":32},"end":{"line":389,"column":41}},"155":{"start":{"line":390,"column":32},"end":{"line":390,"column":41}},"156":{"start":{"line":392,"column":12},"end":{"line":409,"column":15}},"157":{"start":{"line":393,"column":16},"end":{"line":408,"column":17}},"158":{"start":{"line":394,"column":33},"end":{"line":394,"column":59}},"159":{"start":{"line":395,"column":20},"end":{"line":395,"column":54}},"160":{"start":{"line":395,"column":47},"end":{"line":395,"column":54}},"161":{"start":{"line":397,"column":34},"end":{"line":397,"column":49}},"162":{"start":{"line":398,"column":36},"end":{"line":398,"column":49}},"163":{"start":{"line":399,"column":35},"end":{"line":399,"column":66}},"164":{"start":{"line":402,"column":20},"end":{"line":402,"column":83}},"165":{"start":{"line":405,"column":20},"end":{"line":405,"column":87}},"166":{"start":{"line":407,"column":20},"end":{"line":407,"column":78}},"167":{"start":{"line":412,"column":35},"end":{"line":412,"column":82}},"168":{"start":{"line":413,"column":35},"end":{"line":413,"column":82}},"169":{"start":{"line":415,"column":12},"end":{"line":419,"column":14}},"170":{"start":{"line":421,"column":12},"end":{"line":421,"column":65}},"171":{"start":{"line":422,"column":12},"end":{"line":422,"column":24}},"172":{"start":{"line":427,"column":8},"end":{"line":429,"column":9}},"173":{"start":{"line":428,"column":12},"end":{"line":428,"column":56}},"174":{"start":{"line":431,"column":20},"end":{"line":431,"column":50}},"175":{"start":{"line":432,"column":25},"end":{"line":432,"column":65}},"176":{"start":{"line":432,"column":41},"end":{"line":432,"column":64}},"177":{"start":{"line":433,"column":30},"end":{"line":433,"column":62}},"178":{"start":{"line":435,"column":8},"end":{"line":441,"column":10}},"179":{"start":{"line":445,"column":8},"end":{"line":445,"column":62}},"180":{"start":{"line":446,"column":8},"end":{"line":446,"column":42}},"181":{"start":{"line":450,"column":8},"end":{"line":450,"column":71}},"182":{"start":{"line":450,"column":51},"end":{"line":450,"column":71}},"183":{"start":{"line":451,"column":26},"end":{"line":451,"column":39}},"184":{"start":{"line":452,"column":8},"end":{"line":452,"column":74}},"185":{"start":{"line":452,"column":54},"end":{"line":452,"column":74}},"186":{"start":{"line":453,"column":8},"end":{"line":453,"column":25}},"187":{"start":{"line":457,"column":8},"end":{"line":462,"column":9}},"188":{"start":{"line":458,"column":25},"end":{"line":458,"column":42}},"189":{"start":{"line":459,"column":12},"end":{"line":459,"column":55}},"190":{"start":{"line":461,"column":12},"end":{"line":461,"column":24}}},"fnMap":{"0":{"name":"(anonymous_0)","decl":{"start":{"line":4,"column":4},"end":{"line":4,"column":5}},"loc":{"start":{"line":4,"column":18},"end":{"line":13,"column":5}},"line":4},"1":{"name":"(anonymous_1)","decl":{"start":{"line":15,"column":4},"end":{"line":15,"column":5}},"loc":{"start":{"line":15,"column":45},"end":{"line":90,"column":5}},"line":15},"2":{"name":"(anonymous_2)","decl":{"start":{"line":28,"column":33},"end":{"line":28,"column":34}},"loc":{"start":{"line":28,"column":48},"end":{"line":57,"column":13}},"line":28},"3":{"name":"(anonymous_3)","decl":{"start":{"line":92,"column":4},"end":{"line":92,"column":5}},"loc":{"start":{"line":92,"column":33},"end":{"line":107,"column":5}},"line":92},"4":{"name":"(anonymous_4)","decl":{"start":{"line":109,"column":4},"end":{"line":109,"column":5}},"loc":{"start":{"line":109,"column":35},"end":{"line":132,"column":5}},"line":109},"5":{"name":"(anonymous_5)","decl":{"start":{"line":113,"column":51},"end":{"line":113,"column":52}},"loc":{"start":{"line":113,"column":69},"end":{"line":113,"column":89}},"line":113},"6":{"name":"(anonymous_6)","decl":{"start":{"line":134,"column":4},"end":{"line":134,"column":5}},"loc":{"start":{"line":134,"column":40},"end":{"line":144,"column":5}},"line":134},"7":{"name":"(anonymous_7)","decl":{"start":{"line":146,"column":4},"end":{"line":146,"column":5}},"loc":{"start":{"line":146,"column":35},"end":{"line":185,"column":5}},"line":146},"8":{"name":"(anonymous_8)","decl":{"start":{"line":152,"column":33},"end":{"line":152,"column":34}},"loc":{"start":{"line":152,"column":48},"end":{"line":168,"column":13}},"line":152},"9":{"name":"(anonymous_9)","decl":{"start":{"line":187,"column":4},"end":{"line":187,"column":5}},"loc":{"start":{"line":187,"column":34},"end":{"line":191,"column":5}},"line":187},"10":{"name":"(anonymous_10)","decl":{"start":{"line":193,"column":4},"end":{"line":193,"column":5}},"loc":{"start":{"line":193,"column":30},"end":{"line":196,"column":5}},"line":193},"11":{"name":"(anonymous_11)","decl":{"start":{"line":195,"column":29},"end":{"line":195,"column":30}},"loc":{"start":{"line":195,"column":45},"end":{"line":195,"column":56}},"line":195},"12":{"name":"(anonymous_12)","decl":{"start":{"line":198,"column":4},"end":{"line":198,"column":5}},"loc":{"start":{"line":198,"column":33},"end":{"line":203,"column":5}},"line":198},"13":{"name":"(anonymous_13)","decl":{"start":{"line":201,"column":39},"end":{"line":201,"column":40}},"loc":{"start":{"line":201,"column":48},"end":{"line":201,"column":72}},"line":201},"14":{"name":"(anonymous_14)","decl":{"start":{"line":205,"column":4},"end":{"line":205,"column":5}},"loc":{"start":{"line":205,"column":63},"end":{"line":221,"column":5}},"line":205},"15":{"name":"(anonymous_15)","decl":{"start":{"line":223,"column":4},"end":{"line":223,"column":5}},"loc":{"start":{"line":223,"column":38},"end":{"line":232,"column":5}},"line":223},"16":{"name":"(anonymous_16)","decl":{"start":{"line":234,"column":4},"end":{"line":234,"column":5}},"loc":{"start":{"line":234,"column":40},"end":{"line":244,"column":5}},"line":234},"17":{"name":"(anonymous_17)","decl":{"start":{"line":246,"column":4},"end":{"line":246,"column":5}},"loc":{"start":{"line":246,"column":37},"end":{"line":252,"column":5}},"line":246},"18":{"name":"(anonymous_18)","decl":{"start":{"line":254,"column":4},"end":{"line":254,"column":5}},"loc":{"start":{"line":254,"column":39},"end":{"line":273,"column":5}},"line":254},"19":{"name":"(anonymous_19)","decl":{"start":{"line":264,"column":58},"end":{"line":264,"column":59}},"loc":{"start":{"line":265,"column":12},"end":{"line":265,"column":47}},"line":265},"20":{"name":"(anonymous_20)","decl":{"start":{"line":275,"column":4},"end":{"line":275,"column":5}},"loc":{"start":{"line":275,"column":38},"end":{"line":290,"column":5}},"line":275},"21":{"name":"(anonymous_21)","decl":{"start":{"line":292,"column":4},"end":{"line":292,"column":5}},"loc":{"start":{"line":292,"column":47},"end":{"line":324,"column":5}},"line":292},"22":{"name":"(anonymous_22)","decl":{"start":{"line":296,"column":48},"end":{"line":296,"column":49}},"loc":{"start":{"line":296,"column":53},"end":{"line":302,"column":9}},"line":296},"23":{"name":"(anonymous_23)","decl":{"start":{"line":308,"column":64},"end":{"line":308,"column":65}},"loc":{"start":{"line":308,"column":69},"end":{"line":308,"column":78}},"line":308},"24":{"name":"(anonymous_24)","decl":{"start":{"line":309,"column":63},"end":{"line":309,"column":64}},"loc":{"start":{"line":309,"column":68},"end":{"line":309,"column":77}},"line":309},"25":{"name":"(anonymous_25)","decl":{"start":{"line":326,"column":4},"end":{"line":326,"column":5}},"loc":{"start":{"line":326,"column":55},"end":{"line":372,"column":5}},"line":326},"26":{"name":"(anonymous_26)","decl":{"start":{"line":334,"column":39},"end":{"line":334,"column":40}},"loc":{"start":{"line":334,"column":54},"end":{"line":355,"column":13}},"line":334},"27":{"name":"(anonymous_27)","decl":{"start":{"line":374,"column":4},"end":{"line":374,"column":5}},"loc":{"start":{"line":374,"column":25},"end":{"line":380,"column":5}},"line":374},"28":{"name":"(anonymous_28)","decl":{"start":{"line":382,"column":4},"end":{"line":382,"column":5}},"loc":{"start":{"line":382,"column":37},"end":{"line":424,"column":5}},"line":382},"29":{"name":"(anonymous_29)","decl":{"start":{"line":392,"column":33},"end":{"line":392,"column":34}},"loc":{"start":{"line":392,"column":48},"end":{"line":409,"column":13}},"line":392},"30":{"name":"(anonymous_30)","decl":{"start":{"line":426,"column":4},"end":{"line":426,"column":5}},"loc":{"start":{"line":426,"column":28},"end":{"line":442,"column":5}},"line":426},"31":{"name":"(anonymous_31)","decl":{"start":{"line":432,"column":36},"end":{"line":432,"column":37}},"loc":{"start":{"line":432,"column":41},"end":{"line":432,"column":64}},"line":432},"32":{"name":"(anonymous_32)","decl":{"start":{"line":444,"column":4},"end":{"line":444,"column":5}},"loc":{"start":{"line":444,"column":41},"end":{"line":447,"column":5}},"line":444},"33":{"name":"(anonymous_33)","decl":{"start":{"line":449,"column":4},"end":{"line":449,"column":5}},"loc":{"start":{"line":449,"column":51},"end":{"line":454,"column":5}},"line":449},"34":{"name":"(anonymous_34)","decl":{"start":{"line":456,"column":4},"end":{"line":456,"column":5}},"loc":{"start":{"line":456,"column":33},"end":{"line":463,"column":5}},"line":456}},"branchMap":{"0":{"loc":{"start":{"line":29,"column":32},"end":{"line":29,"column":61}},"type":"binary-expr","locations":[{"start":{"line":29,"column":32},"end":{"line":29,"column":55}},{"start":{"line":29,"column":59},"end":{"line":29,"column":61}}],"line":29},"1":{"loc":{"start":{"line":31,"column":16},"end":{"line":38,"column":17}},"type":"if","locations":[{"start":{"line":31,"column":16},"end":{"line":38,"column":17}},{"start":{},"end":{}}],"line":31},"2":{"loc":{"start":{"line":40,"column":16},"end":{"line":47,"column":17}},"type":"if","locations":[{"start":{"line":40,"column":16},"end":{"line":47,"column":17}},{"start":{},"end":{}}],"line":40},"3":{"loc":{"start":{"line":50,"column":16},"end":{"line":56,"column":17}},"type":"if","locations":[{"start":{"line":50,"column":16},"end":{"line":56,"column":17}},{"start":{},"end":{}}],"line":50},"4":{"loc":{"start":{"line":54,"column":37},"end":{"line":54,"column":80}},"type":"binary-expr","locations":[{"start":{"line":54,"column":37},"end":{"line":54,"column":60}},{"start":{"line":54,"column":64},"end":{"line":54,"column":80}}],"line":54},"5":{"loc":{"start":{"line":110,"column":8},"end":{"line":110,"column":57}},"type":"if","locations":[{"start":{"line":110,"column":8},"end":{"line":110,"column":57}},{"start":{},"end":{}}],"line":110},"6":{"loc":{"start":{"line":110,"column":12},"end":{"line":110,"column":46}},"type":"binary-expr","locations":[{"start":{"line":110,"column":12},"end":{"line":110,"column":21}},{"start":{"line":110,"column":25},"end":{"line":110,"column":46}}],"line":110},"7":{"loc":{"start":{"line":126,"column":8},"end":{"line":128,"column":9}},"type":"if","locations":[{"start":{"line":126,"column":8},"end":{"line":128,"column":9}},{"start":{},"end":{}}],"line":126},"8":{"loc":{"start":{"line":137,"column":8},"end":{"line":139,"column":9}},"type":"if","locations":[{"start":{"line":137,"column":8},"end":{"line":139,"column":9}},{"start":{},"end":{}}],"line":137},"9":{"loc":{"start":{"line":140,"column":8},"end":{"line":142,"column":9}},"type":"if","locations":[{"start":{"line":140,"column":8},"end":{"line":142,"column":9}},{"start":{},"end":{}}],"line":140},"10":{"loc":{"start":{"line":156,"column":20},"end":{"line":158,"column":21}},"type":"if","locations":[{"start":{"line":156,"column":20},"end":{"line":158,"column":21}},{"start":{},"end":{}}],"line":156},"11":{"loc":{"start":{"line":166,"column":34},"end":{"line":166,"column":60}},"type":"cond-expr","locations":[{"start":{"line":166,"column":50},"end":{"line":166,"column":51}},{"start":{"line":166,"column":54},"end":{"line":166,"column":60}}],"line":166},"12":{"loc":{"start":{"line":188,"column":8},"end":{"line":188,"column":80}},"type":"if","locations":[{"start":{"line":188,"column":8},"end":{"line":188,"column":80}},{"start":{},"end":{}}],"line":188},"13":{"loc":{"start":{"line":189,"column":8},"end":{"line":189,"column":87}},"type":"if","locations":[{"start":{"line":189,"column":8},"end":{"line":189,"column":87}},{"start":{},"end":{}}],"line":189},"14":{"loc":{"start":{"line":194,"column":8},"end":{"line":194,"column":37}},"type":"if","locations":[{"start":{"line":194,"column":8},"end":{"line":194,"column":37}},{"start":{},"end":{}}],"line":194},"15":{"loc":{"start":{"line":199,"column":8},"end":{"line":199,"column":40}},"type":"if","locations":[{"start":{"line":199,"column":8},"end":{"line":199,"column":40}},{"start":{},"end":{}}],"line":199},"16":{"loc":{"start":{"line":225,"column":8},"end":{"line":227,"column":9}},"type":"if","locations":[{"start":{"line":225,"column":8},"end":{"line":227,"column":9}},{"start":{},"end":{}}],"line":225},"17":{"loc":{"start":{"line":228,"column":8},"end":{"line":230,"column":9}},"type":"if","locations":[{"start":{"line":228,"column":8},"end":{"line":230,"column":9}},{"start":{},"end":{}}],"line":228},"18":{"loc":{"start":{"line":237,"column":8},"end":{"line":239,"column":9}},"type":"if","locations":[{"start":{"line":237,"column":8},"end":{"line":239,"column":9}},{"start":{},"end":{}}],"line":237},"19":{"loc":{"start":{"line":240,"column":8},"end":{"line":242,"column":9}},"type":"if","locations":[{"start":{"line":240,"column":8},"end":{"line":242,"column":9}},{"start":{},"end":{}}],"line":240},"20":{"loc":{"start":{"line":248,"column":8},"end":{"line":250,"column":9}},"type":"if","locations":[{"start":{"line":248,"column":8},"end":{"line":250,"column":9}},{"start":{},"end":{}}],"line":248},"21":{"loc":{"start":{"line":255,"column":8},"end":{"line":261,"column":9}},"type":"if","locations":[{"start":{"line":255,"column":8},"end":{"line":261,"column":9}},{"start":{},"end":{}}],"line":255},"22":{"loc":{"start":{"line":271,"column":25},"end":{"line":271,"column":102}},"type":"cond-expr","locations":[{"start":{"line":271,"column":52},"end":{"line":271,"column":56}},{"start":{"line":271,"column":59},"end":{"line":271,"column":102}}],"line":271},"23":{"loc":{"start":{"line":278,"column":8},"end":{"line":287,"column":9}},"type":"if","locations":[{"start":{"line":278,"column":8},"end":{"line":287,"column":9}},{"start":{"line":281,"column":15},"end":{"line":287,"column":9}}],"line":278},"24":{"loc":{"start":{"line":281,"column":15},"end":{"line":287,"column":9}},"type":"if","locations":[{"start":{"line":281,"column":15},"end":{"line":287,"column":9}},{"start":{"line":284,"column":15},"end":{"line":287,"column":9}}],"line":281},"25":{"loc":{"start":{"line":293,"column":8},"end":{"line":293,"column":52}},"type":"if","locations":[{"start":{"line":293,"column":8},"end":{"line":293,"column":52}},{"start":{},"end":{}}],"line":293},"26":{"loc":{"start":{"line":315,"column":8},"end":{"line":315,"column":77}},"type":"if","locations":[{"start":{"line":315,"column":8},"end":{"line":315,"column":77}},{"start":{},"end":{}}],"line":315},"27":{"loc":{"start":{"line":316,"column":8},"end":{"line":316,"column":77}},"type":"if","locations":[{"start":{"line":316,"column":8},"end":{"line":316,"column":77}},{"start":{},"end":{}}],"line":316},"28":{"loc":{"start":{"line":320,"column":8},"end":{"line":320,"column":59}},"type":"if","locations":[{"start":{"line":320,"column":8},"end":{"line":320,"column":59}},{"start":{},"end":{}}],"line":320},"29":{"loc":{"start":{"line":321,"column":8},"end":{"line":321,"column":58}},"type":"if","locations":[{"start":{"line":321,"column":8},"end":{"line":321,"column":58}},{"start":{},"end":{}}],"line":321},"30":{"loc":{"start":{"line":327,"column":8},"end":{"line":327,"column":52}},"type":"if","locations":[{"start":{"line":327,"column":8},"end":{"line":327,"column":52}},{"start":{},"end":{}}],"line":327},"31":{"loc":{"start":{"line":338,"column":20},"end":{"line":340,"column":21}},"type":"if","locations":[{"start":{"line":338,"column":20},"end":{"line":340,"column":21}},{"start":{},"end":{}}],"line":338},"32":{"loc":{"start":{"line":346,"column":16},"end":{"line":349,"column":17}},"type":"if","locations":[{"start":{"line":346,"column":16},"end":{"line":349,"column":17}},{"start":{},"end":{}}],"line":346},"33":{"loc":{"start":{"line":354,"column":43},"end":{"line":354,"column":73}},"type":"binary-expr","locations":[{"start":{"line":354,"column":43},"end":{"line":354,"column":68}},{"start":{"line":354,"column":72},"end":{"line":354,"column":73}}],"line":354},"34":{"loc":{"start":{"line":358,"column":48},"end":{"line":358,"column":88}},"type":"binary-expr","locations":[{"start":{"line":358,"column":48},"end":{"line":358,"column":83}},{"start":{"line":358,"column":87},"end":{"line":358,"column":88}}],"line":358},"35":{"loc":{"start":{"line":360,"column":36},"end":{"line":360,"column":91}},"type":"binary-expr","locations":[{"start":{"line":360,"column":36},"end":{"line":360,"column":86}},{"start":{"line":360,"column":90},"end":{"line":360,"column":91}}],"line":360},"36":{"loc":{"start":{"line":383,"column":8},"end":{"line":385,"column":9}},"type":"if","locations":[{"start":{"line":383,"column":8},"end":{"line":385,"column":9}},{"start":{},"end":{}}],"line":383},"37":{"loc":{"start":{"line":383,"column":12},"end":{"line":383,"column":53}},"type":"binary-expr","locations":[{"start":{"line":383,"column":12},"end":{"line":383,"column":25}},{"start":{"line":383,"column":29},"end":{"line":383,"column":53}}],"line":383},"38":{"loc":{"start":{"line":395,"column":20},"end":{"line":395,"column":54}},"type":"if","locations":[{"start":{"line":395,"column":20},"end":{"line":395,"column":54}},{"start":{},"end":{}}],"line":395},"39":{"loc":{"start":{"line":399,"column":35},"end":{"line":399,"column":66}},"type":"binary-expr","locations":[{"start":{"line":399,"column":35},"end":{"line":399,"column":61}},{"start":{"line":399,"column":65},"end":{"line":399,"column":66}}],"line":399},"40":{"loc":{"start":{"line":402,"column":44},"end":{"line":402,"column":71}},"type":"binary-expr","locations":[{"start":{"line":402,"column":44},"end":{"line":402,"column":66}},{"start":{"line":402,"column":70},"end":{"line":402,"column":71}}],"line":402},"41":{"loc":{"start":{"line":405,"column":46},"end":{"line":405,"column":75}},"type":"binary-expr","locations":[{"start":{"line":405,"column":46},"end":{"line":405,"column":70}},{"start":{"line":405,"column":74},"end":{"line":405,"column":75}}],"line":405},"42":{"loc":{"start":{"line":427,"column":8},"end":{"line":429,"column":9}},"type":"if","locations":[{"start":{"line":427,"column":8},"end":{"line":429,"column":9}},{"start":{},"end":{}}],"line":427},"43":{"loc":{"start":{"line":427,"column":12},"end":{"line":427,"column":40}},"type":"binary-expr","locations":[{"start":{"line":427,"column":12},"end":{"line":427,"column":19}},{"start":{"line":427,"column":23},"end":{"line":427,"column":40}}],"line":427},"44":{"loc":{"start":{"line":449,"column":33},"end":{"line":449,"column":49}},"type":"default-arg","locations":[{"start":{"line":449,"column":48},"end":{"line":449,"column":49}}],"line":449},"45":{"loc":{"start":{"line":450,"column":8},"end":{"line":450,"column":71}},"type":"if","locations":[{"start":{"line":450,"column":8},"end":{"line":450,"column":71}},{"start":{},"end":{}}],"line":450},"46":{"loc":{"start":{"line":450,"column":12},"end":{"line":450,"column":49}},"type":"binary-expr","locations":[{"start":{"line":450,"column":12},"end":{"line":450,"column":26}},{"start":{"line":450,"column":30},"end":{"line":450,"column":49}}],"line":450},"47":{"loc":{"start":{"line":452,"column":8},"end":{"line":452,"column":74}},"type":"if","locations":[{"start":{"line":452,"column":8},"end":{"line":452,"column":74}},{"start":{},"end":{}}],"line":452},"48":{"loc":{"start":{"line":452,"column":12},"end":{"line":452,"column":52}},"type":"binary-expr","locations":[{"start":{"line":452,"column":12},"end":{"line":452,"column":28}},{"start":{"line":452,"column":32},"end":{"line":452,"column":52}}],"line":452},"49":{"loc":{"start":{"line":459,"column":19},"end":{"line":459,"column":54}},"type":"cond-expr","locations":[{"start":{"line":459,"column":43},"end":{"line":459,"column":47}},{"start":{"line":459,"column":50},"end":{"line":459,"column":54}}],"line":459}},"s":{"0":1,"1":10,"2":10,"3":10,"4":106,"5":106,"6":5,"7":5,"8":106,"9":3,"10":3,"11":106,"12":106,"13":4,"14":10,"15":10,"16":10,"17":10,"18":0,"19":0,"20":10,"21":10,"22":10,"23":10,"24":10,"25":10,"26":10,"27":6,"28":4,"29":4,"30":4,"31":4,"32":4,"33":4,"34":2,"35":4,"36":0,"37":0,"38":0,"39":0,"40":0,"41":0,"42":0,"43":0,"44":0,"45":0,"46":0,"47":0,"48":0,"49":0,"50":0,"51":0,"52":0,"53":0,"54":0,"55":0,"56":0,"57":0,"58":10,"59":8,"60":2,"61":1,"62":1,"63":43,"64":4,"65":39,"66":531,"67":9,"68":3,"69":6,"70":6,"71":103,"72":6,"73":10,"74":10,"75":10,"76":1,"77":10,"78":0,"79":10,"80":10,"81":10,"82":4,"83":10,"84":0,"85":10,"86":10,"87":10,"88":0,"89":10,"90":10,"91":1,"92":9,"93":97,"94":9,"95":10,"96":10,"97":1,"98":1,"99":9,"100":1,"101":1,"102":8,"103":8,"104":10,"105":9,"106":0,"107":9,"108":9,"109":106,"110":106,"111":9,"112":106,"113":106,"114":9,"115":9,"116":9,"117":3,"118":9,"119":1,"120":9,"121":9,"122":2,"123":9,"124":5,"125":9,"126":9,"127":0,"128":9,"129":9,"130":9,"131":9,"132":9,"133":106,"134":106,"135":106,"136":2,"137":2,"138":2,"139":104,"140":95,"141":95,"142":104,"143":104,"144":104,"145":9,"146":0,"147":0,"148":104,"149":104,"150":0,"151":1,"152":0,"153":1,"154":1,"155":1,"156":1,"157":90,"158":90,"159":90,"160":0,"161":90,"162":90,"163":90,"164":90,"165":90,"166":0,"167":1,"168":1,"169":1,"170":0,"171":0,"172":2,"173":0,"174":2,"175":2,"176":10,"177":2,"178":2,"179":0,"180":0,"181":114,"182":1,"183":113,"184":113,"185":1,"186":112,"187":0,"188":0,"189":0,"190":0},"f":{"0":1,"1":10,"2":106,"3":10,"4":10,"5":4,"6":0,"7":0,"8":0,"9":10,"10":43,"11":531,"12":9,"13":103,"14":10,"15":10,"16":10,"17":10,"18":10,"19":97,"20":10,"21":9,"22":106,"23":106,"24":106,"25":9,"26":106,"27":104,"28":1,"29":90,"30":2,"31":10,"32":0,"33":114,"34":0},"b":{"0":[106,4],"1":[5,101],"2":[3,103],"3":[4,102],"4":[4,4],"5":[6,4],"6":[10,10],"7":[2,2],"8":[0,0],"9":[0,0],"10":[0,0],"11":[0,0],"12":[8,2],"13":[1,1],"14":[4,39],"15":[3,6],"16":[1,9],"17":[0,10],"18":[4,6],"19":[0,10],"20":[0,10],"21":[1,9],"22":[8,1],"23":[1,9],"24":[1,8],"25":[0,9],"26":[3,6],"27":[1,8],"28":[2,7],"29":[5,4],"30":[0,9],"31":[2,104],"32":[95,9],"33":[104,104],"34":[9,4],"35":[9,0],"36":[0,1],"37":[1,1],"38":[0,90],"39":[90,0],"40":[90,4],"41":[90,7],"42":[0,2],"43":[2,2],"44":[114],"45":[1,113],"46":[114,113],"47":[1,112],"48":[113,112],"49":[0,0]},"_coverageSchema":"1a1c01bbd47fc00a2c39e90264f33305004495a9","hash":"ca60eb88b06ad226a77923e1f7c7cc6c977ccd96"}
}
