TN:
SF:src\models\Transaction.js
FNF:0
FNH:0
DA:3,1
DA:82,1
LF:2
LH:2
BRF:0
BRH:0
end_of_record
TN:
SF:src\services\riskAnalysisService.js
FN:4,(anonymous_0)
FN:15,(anonymous_1)
FN:28,(anonymous_2)
FN:92,(anonymous_3)
FN:109,(anonymous_4)
FN:113,(anonymous_5)
FN:134,(anonymous_6)
FN:146,(anonymous_7)
FN:152,(anonymous_8)
FN:187,(anonymous_9)
FN:193,(anonymous_10)
FN:195,(anonymous_11)
FN:198,(anonymous_12)
FN:201,(anonymous_13)
FN:205,(anonymous_14)
FN:223,(anonymous_15)
FN:234,(anonymous_16)
FN:246,(anonymous_17)
FN:254,(anonymous_18)
FN:264,(anonymous_19)
FN:275,(anonymous_20)
FN:292,(anonymous_21)
FN:296,(anonymous_22)
FN:308,(anonymous_23)
FN:309,(anonymous_24)
FN:326,(anonymous_25)
FN:334,(anonymous_26)
FN:374,(anonymous_27)
FN:382,(anonymous_28)
FN:392,(anonymous_29)
FN:426,(anonymous_30)
FN:432,(anonymous_31)
FN:444,(anonymous_32)
FN:449,(anonymous_33)
FN:456,(anonymous_34)
FNF:35
FNH:30
FNDA:1,(anonymous_0)
FNDA:10,(anonymous_1)
FNDA:106,(anonymous_2)
FNDA:10,(anonymous_3)
FNDA:10,(anonymous_4)
FNDA:4,(anonymous_5)
FNDA:0,(anonymous_6)
FNDA:0,(anonymous_7)
FNDA:0,(anonymous_8)
FNDA:10,(anonymous_9)
FNDA:43,(anonymous_10)
FNDA:531,(anonymous_11)
FNDA:9,(anonymous_12)
FNDA:103,(anonymous_13)
FNDA:10,(anonymous_14)
FNDA:10,(anonymous_15)
FNDA:10,(anonymous_16)
FNDA:10,(anonymous_17)
FNDA:10,(anonymous_18)
FNDA:97,(anonymous_19)
FNDA:10,(anonymous_20)
FNDA:9,(anonymous_21)
FNDA:106,(anonymous_22)
FNDA:106,(anonymous_23)
FNDA:106,(anonymous_24)
FNDA:9,(anonymous_25)
FNDA:106,(anonymous_26)
FNDA:104,(anonymous_27)
FNDA:1,(anonymous_28)
FNDA:90,(anonymous_29)
FNDA:2,(anonymous_30)
FNDA:10,(anonymous_31)
FNDA:0,(anonymous_32)
FNDA:114,(anonymous_33)
FNDA:0,(anonymous_34)
DA:5,1
DA:16,10
DA:26,10
DA:28,10
DA:29,106
DA:31,106
DA:32,5
DA:33,5
DA:40,106
DA:41,3
DA:42,3
DA:49,106
DA:50,106
DA:51,4
DA:60,10
DA:61,10
DA:63,10
DA:65,10
DA:71,0
DA:72,0
DA:93,10
DA:96,10
DA:99,10
DA:102,10
DA:103,10
DA:106,10
DA:110,10
DA:113,4
DA:119,4
DA:122,4
DA:125,4
DA:126,4
DA:127,2
DA:131,4
DA:135,0
DA:137,0
DA:138,0
DA:140,0
DA:141,0
DA:143,0
DA:147,0
DA:148,0
DA:150,0
DA:152,0
DA:154,0
DA:155,0
DA:156,0
DA:157,0
DA:159,0
DA:161,0
DA:165,0
DA:166,0
DA:167,0
DA:170,0
DA:177,0
DA:178,0
DA:188,10
DA:189,2
DA:190,1
DA:194,43
DA:195,531
DA:199,9
DA:200,6
DA:201,103
DA:202,6
DA:206,10
DA:224,10
DA:225,10
DA:226,1
DA:228,10
DA:229,0
DA:231,10
DA:235,10
DA:237,10
DA:238,4
DA:240,10
DA:241,0
DA:243,10
DA:247,10
DA:248,10
DA:249,0
DA:251,10
DA:255,10
DA:256,1
DA:264,9
DA:265,97
DA:268,9
DA:276,10
DA:278,10
DA:279,1
DA:280,1
DA:281,9
DA:282,1
DA:283,1
DA:285,8
DA:286,8
DA:289,10
DA:293,9
DA:295,9
DA:296,9
DA:297,106
DA:298,106
DA:305,9
DA:308,106
DA:309,106
DA:313,9
DA:314,9
DA:315,9
DA:316,9
DA:319,9
DA:320,9
DA:321,9
DA:323,9
DA:327,9
DA:329,9
DA:330,9
DA:331,9
DA:333,9
DA:334,9
DA:336,106
DA:337,106
DA:338,106
DA:339,2
DA:342,2
DA:343,2
DA:346,104
DA:347,95
DA:348,95
DA:350,104
DA:353,104
DA:354,104
DA:357,9
DA:364,0
DA:365,0
DA:375,104
DA:376,104
DA:378,0
DA:383,1
DA:384,0
DA:387,1
DA:389,1
DA:390,1
DA:392,1
DA:393,90
DA:394,90
DA:395,90
DA:397,90
DA:398,90
DA:399,90
DA:402,90
DA:405,90
DA:407,0
DA:412,1
DA:413,1
DA:415,1
DA:421,0
DA:422,0
DA:427,2
DA:428,0
DA:431,2
DA:432,10
DA:433,2
DA:435,2
DA:445,0
DA:446,0
DA:450,114
DA:451,113
DA:452,113
DA:453,112
DA:457,0
DA:458,0
DA:459,0
DA:461,0
LF:173
LH:132
BRDA:29,0,0,106
BRDA:29,0,1,4
BRDA:31,1,0,5
BRDA:31,1,1,101
BRDA:40,2,0,3
BRDA:40,2,1,103
BRDA:50,3,0,4
BRDA:50,3,1,102
BRDA:54,4,0,4
BRDA:54,4,1,4
BRDA:110,5,0,6
BRDA:110,5,1,4
BRDA:110,6,0,10
BRDA:110,6,1,10
BRDA:126,7,0,2
BRDA:126,7,1,2
BRDA:137,8,0,0
BRDA:137,8,1,0
BRDA:140,9,0,0
BRDA:140,9,1,0
BRDA:156,10,0,0
BRDA:156,10,1,0
BRDA:166,11,0,0
BRDA:166,11,1,0
BRDA:188,12,0,8
BRDA:188,12,1,2
BRDA:189,13,0,1
BRDA:189,13,1,1
BRDA:194,14,0,4
BRDA:194,14,1,39
BRDA:199,15,0,3
BRDA:199,15,1,6
BRDA:225,16,0,1
BRDA:225,16,1,9
BRDA:228,17,0,0
BRDA:228,17,1,10
BRDA:237,18,0,4
BRDA:237,18,1,6
BRDA:240,19,0,0
BRDA:240,19,1,10
BRDA:248,20,0,0
BRDA:248,20,1,10
BRDA:255,21,0,1
BRDA:255,21,1,9
BRDA:271,22,0,8
BRDA:271,22,1,1
BRDA:278,23,0,1
BRDA:278,23,1,9
BRDA:281,24,0,1
BRDA:281,24,1,8
BRDA:293,25,0,0
BRDA:293,25,1,9
BRDA:315,26,0,3
BRDA:315,26,1,6
BRDA:316,27,0,1
BRDA:316,27,1,8
BRDA:320,28,0,2
BRDA:320,28,1,7
BRDA:321,29,0,5
BRDA:321,29,1,4
BRDA:327,30,0,0
BRDA:327,30,1,9
BRDA:338,31,0,2
BRDA:338,31,1,104
BRDA:346,32,0,95
BRDA:346,32,1,9
BRDA:354,33,0,104
BRDA:354,33,1,104
BRDA:358,34,0,9
BRDA:358,34,1,4
BRDA:360,35,0,9
BRDA:360,35,1,0
BRDA:383,36,0,0
BRDA:383,36,1,1
BRDA:383,37,0,1
BRDA:383,37,1,1
BRDA:395,38,0,0
BRDA:395,38,1,90
BRDA:399,39,0,90
BRDA:399,39,1,0
BRDA:402,40,0,90
BRDA:402,40,1,4
BRDA:405,41,0,90
BRDA:405,41,1,7
BRDA:427,42,0,0
BRDA:427,42,1,2
BRDA:427,43,0,2
BRDA:427,43,1,2
BRDA:449,44,0,114
BRDA:450,45,0,1
BRDA:450,45,1,113
BRDA:450,46,0,114
BRDA:450,46,1,113
BRDA:452,47,0,1
BRDA:452,47,1,112
BRDA:452,48,0,113
BRDA:452,48,1,112
BRDA:459,49,0,0
BRDA:459,49,1,0
BRF:99
BRH:79
end_of_record
